<?xml version="1.0" encoding="UTF-8"?>
<!-- Generated by org.testng.reporters.JUnitXMLReporter -->
<testsuite ignored="4" hostname="LAPTOP-G2HQ2MCH" failures="0" tests="2" name="Test" time="0.042" errors="0" timestamp="2023-05-24T22:49:03 CEST">
  <testcase classname="MyMavenProject.MymavenProject.peronalloan" name="Personalloanbyweb" time="0.006"/>
  <testcase classname="MyMavenProject.MymavenProject.carloan" name="carloanbybranch" time="0.001"/>
  <testcase classname="MyMavenProject.MymavenProject.carloan" name="carloanbyweb" time="0.0">
    <ignored/>
  </testcase> <!-- carloanbyweb -->
  <testcase classname="MyMavenProject.MymavenProject.peronalloan" name="PersonalloanbyAapp" time="0.0">
    <ignored/>
  </testcase> <!-- PersonalloanbyAapp -->
  <testcase classname="MyMavenProject.MymavenProject.peronalloan" name="PersonalloanbyBranch" time="0.0">
    <ignored/>
  </testcase> <!-- PersonalloanbyBranch -->
  <testcase classname="MyMavenProject.MymavenProject.carloan" name="carloanbyapp" time="0.0">
    <ignored/>
  </testcase> <!-- carloanbyapp -->
</testsuite> <!-- Test -->
